<?xml version="1.0" encoding="UTF-8"?>
<testsuite xmlns:xsi="http://www.w3.org/2001/XMLSchema-instance" xsi:schemaLocation="https://maven.apache.org/surefire/maven-surefire-plugin/xsd/surefire-test-report.xsd" name="com.xwbank.cucumber.CucumberRunner" time="0.04" tests="1" errors="1" skipped="0" failures="0">
  <properties>
[...]
</properties>
  <testcase name="initializationError" classname="com.xwbank.cucumber.CucumberRunner" time="0.013">
    <error message="com/xwbank/cucumber/chapter01/Calculator has been compiled by a more recent version of the Java Runtime (class file version 56.0), this version of the Java Runtime only recognizes class file versions up to 55.0" type="java.lang.UnsupportedClassVersionError">java.lang.UnsupportedClassVersionError: com/xwbank/cucumber/chapter01/Calculator has been compiled by a more recent version of the Java Runtime (class file version 56.0), this version of the Java Runtime only recognizes class file versions up to 55.0
</error>
  </testcase>
</testsuite>